# JRE version: Java(TM) SE Runtime Environment (8.0_45-b14) (build 1.8.0_45-b14)
# Java VM: Java HotSpot(TM) 64-Bit Server VM (25.45-b02 mixed mode linux-amd64 compressed oops)
Heap:
 PSYoungGen      total 86016K, used 5120K [0x00000000d7e00000, 0x00000000ddb80000, 0x0000000100000000)
  eden space 80896K, 0% used [0x00000000d7e00000,0x00000000d7e00000,0x00000000dcd00000)
  from space 5120K, 100% used [0x00000000dcd00000,0x00000000dd200000,0x00000000dd200000)
  to   space 5120K, 0% used [0x00000000dd200000,0x00000000dd200000,0x00000000dd700000)
 ParOldGen       total 273408K, used 273161K [0x0000000087a00000, 0x0000000098500000, 0x00000000d7e00000)
  object space 273408K, 99% used [0x0000000087a00000,0x00000000984c26c8,0x0000000098500000)
 Metaspace       used 2483K, capacity 4494K, committed 4864K, reserved 1056768K
  class space    used 266K, capacity 386K, committed 512K, reserved 1048576K
GC Heap History (10 events):
Event: 0.205 GC heap after
Heap after GC invocations=2 (full 1):
 PSYoungGen      total 36352K, used 0K [0x00000000d7e00000, 0x00000000dc500000, 0x0000000100000000)
  eden space 31232K, 0% used [0x00000000d7e00000,0x00000000d7e00000,0x00000000d9c80000)
  from space 5120K, 0% used [0x00000000d9c80000,0x00000000d9c80000,0x00000000da180000)
  to   space 5120K, 0% used [0x00000000dc000000,0x00000000dc000000,0x00000000dc500000)
 ParOldGen       total 152064K, used 68049K [0x0000000087a00000, 0x0000000090e80000, 0x00000000d7e00000)
  object space 152064K, 44% used [0x0000000087a00000,0x000000008bc74778,0x0000000090e80000)
 Metaspace       used 2483K, capacity 4494K, committed 4864K, reserved 1056768K
  class space    used 266K, capacity 386K, committed 512K, reserved 1048576K
}
Event: 0.237 GC heap before
{Heap before GC invocations=3 (full 1):
 PSYoungGen      total 36352K, used 31232K [0x00000000d7e00000, 0x00000000dc500000, 0x0000000100000000)
  eden space 31232K, 100% used [0x00000000d7e00000,0x00000000d9c80000,0x00000000d9c80000)
  from space 5120K, 0% used [0x00000000d9c80000,0x00000000d9c80000,0x00000000da180000)
  to   space 5120K, 0% used [0x00000000dc000000,0x00000000dc000000,0x00000000dc500000)
 ParOldGen       total 152064K, used 68049K [0x0000000087a00000, 0x0000000090e80000, 0x00000000d7e00000)
  object space 152064K, 44% used [0x0000000087a00000,0x000000008bc74778,0x0000000090e80000)
 Metaspace       used 2483K, capacity 4494K, committed 4864K, reserved 1056768K
  class space    used 266K, capacity 386K, committed 512K, reserved 1048576K
Event: 0.275 GC heap after
Heap after GC invocations=3 (full 1):
 PSYoungGen      total 53248K, used 5088K [0x00000000d7e00000, 0x00000000dc500000, 0x0000000100000000)
  eden space 48128K, 0% used [0x00000000d7e00000,0x00000000d7e00000,0x00000000dad00000)
  from space 5120K, 99% used [0x00000000dc000000,0x00000000dc4f8010,0x00000000dc500000)
  to   space 5120K, 0% used [0x00000000dbb00000,0x00000000dbb00000,0x00000000dc000000)
 ParOldGen       total 152064K, used 89065K [0x0000000087a00000, 0x0000000090e80000, 0x00000000d7e00000)
  object space 152064K, 58% used [0x0000000087a00000,0x000000008d0fa778,0x0000000090e80000)
 Metaspace       used 2483K, capacity 4494K, committed 4864K, reserved 1056768K
  class space    used 266K, capacity 386K, committed 512K, reserved 1048576K
}
Event: 0.301 GC heap before
{Heap before GC invocations=4 (full 1):
 PSYoungGen      total 53248K, used 53216K [0x00000000d7e00000, 0x00000000dc500000, 0x0000000100000000)
  eden space 48128K, 100% used [0x00000000d7e00000,0x00000000dad00000,0x00000000dad00000)
  from space 5120K, 99% used [0x00000000dc000000,0x00000000dc4f8010,0x00000000dc500000)
  to   space 5120K, 0% used [0x00000000dbb00000,0x00000000dbb00000,0x00000000dc000000)
 ParOldGen       total 152064K, used 89065K [0x0000000087a00000, 0x0000000090e80000, 0x00000000d7e00000)
  object space 152064K, 58% used [0x0000000087a00000,0x000000008d0fa778,0x0000000090e80000)
 Metaspace       used 2483K, capacity 4494K, committed 4864K, reserved 1056768K
  class space    used 266K, capacity 386K, committed 512K, reserved 1048576K
Event: 0.370 GC heap after
Heap after GC invocations=4 (full 1):
 PSYoungGen      total 67584K, used 5088K [0x00000000d7e00000, 0x00000000dd700000, 0x0000000100000000)
  eden space 62464K, 0% used [0x00000000d7e00000,0x00000000d7e00000,0x00000000dbb00000)
  from space 5120K, 99% used [0x00000000dbb00000,0x00000000dbff8010,0x00000000dc000000)
  to   space 5120K, 0% used [0x00000000dd200000,0x00000000dd200000,0x00000000dd700000)
 ParOldGen       total 152064K, used 129417K [0x0000000087a00000, 0x0000000090e80000, 0x00000000d7e00000)
  object space 152064K, 85% used [0x0000000087a00000,0x000000008f862778,0x0000000090e80000)
 Metaspace       used 2483K, capacity 4494K, committed 4864K, reserved 1056768K
  class space    used 266K, capacity 386K, committed 512K, reserved 1048576K
}
Event: 0.370 GC heap before
{Heap before GC invocations=5 (full 2):
 PSYoungGen      total 67584K, used 5088K [0x00000000d7e00000, 0x00000000dd700000, 0x0000000100000000)
  eden space 62464K, 0% used [0x00000000d7e00000,0x00000000d7e00000,0x00000000dbb00000)
  from space 5120K, 99% used [0x00000000dbb00000,0x00000000dbff8010,0x00000000dc000000)
  to   space 5120K, 0% used [0x00000000dd200000,0x00000000dd200000,0x00000000dd700000)
 ParOldGen       total 152064K, used 129417K [0x0000000087a00000, 0x0000000090e80000, 0x00000000d7e00000)
  object space 152064K, 85% used [0x0000000087a00000,0x000000008f862778,0x0000000090e80000)
 Metaspace       used 2483K, capacity 4494K, committed 4864K, reserved 1056768K
  class space    used 266K, capacity 386K, committed 512K, reserved 1048576K
Event: 1.435 GC heap after
Heap after GC invocations=5 (full 2):
 PSYoungGen      total 67584K, used 0K [0x00000000d7e00000, 0x00000000dd700000, 0x0000000100000000)
  eden space 62464K, 0% used [0x00000000d7e00000,0x00000000d7e00000,0x00000000dbb00000)
  from space 5120K, 0% used [0x00000000dbb00000,0x00000000dbb00000,0x00000000dc000000)
  to   space 5120K, 0% used [0x00000000dd200000,0x00000000dd200000,0x00000000dd700000)
 ParOldGen       total 267264K, used 134009K [0x0000000087a00000, 0x0000000097f00000, 0x00000000d7e00000)
  object space 267264K, 50% used [0x0000000087a00000,0x000000008fcde698,0x0000000097f00000)
 Metaspace       used 2483K, capacity 4494K, committed 4864K, reserved 1056768K
  class space    used 266K, capacity 386K, committed 512K, reserved 1048576K
}
Event: 1.475 GC heap before
{Heap before GC invocations=6 (full 2):
 PSYoungGen      total 67584K, used 62464K [0x00000000d7e00000, 0x00000000dd700000, 0x0000000100000000)
  eden space 62464K, 100% used [0x00000000d7e00000,0x00000000dbb00000,0x00000000dbb00000)
  from space 5120K, 0% used [0x00000000dbb00000,0x00000000dbb00000,0x00000000dc000000)
  to   space 5120K, 0% used [0x00000000dd200000,0x00000000dd200000,0x00000000dd700000)
 ParOldGen       total 267264K, used 134009K [0x0000000087a00000, 0x0000000097f00000, 0x00000000d7e00000)
  object space 267264K, 50% used [0x0000000087a00000,0x000000008fcde698,0x0000000097f00000)
 Metaspace       used 2483K, capacity 4494K, committed 4864K, reserved 1056768K
  class space    used 266K, capacity 386K, committed 512K, reserved 1048576K
Event: 1.570 GC heap after
Heap after GC invocations=6 (full 2):
 PSYoungGen      total 86016K, used 5120K [0x00000000d7e00000, 0x00000000ddb80000, 0x0000000100000000)
  eden space 80896K, 0% used [0x00000000d7e00000,0x00000000d7e00000,0x00000000dcd00000)
  from space 5120K, 100% used [0x00000000dd200000,0x00000000dd700000,0x00000000dd700000)
  to   space 5120K, 0% used [0x00000000dcd00000,0x00000000dcd00000,0x00000000dd200000)
 ParOldGen       total 267264K, used 184281K [0x0000000087a00000, 0x0000000097f00000, 0x00000000d7e00000)
  object space 267264K, 68% used [0x0000000087a00000,0x0000000092df66a8,0x0000000097f00000)
 Metaspace       used 2483K, capacity 4494K, committed 4864K, reserved 1056768K
  class space    used 266K, capacity 386K, committed 512K, reserved 1048576K
}
Event: 1.627 GC heap before
{Heap before GC invocations=7 (full 2):
 PSYoungGen      total 86016K, used 86016K [0x00000000d7e00000, 0x00000000ddb80000, 0x0000000100000000)
  eden space 80896K, 100% used [0x00000000d7e00000,0x00000000dcd00000,0x00000000dcd00000)
  from space 5120K, 100% used [0x00000000dd200000,0x00000000dd700000,0x00000000dd700000)
  to   space 5120K, 0% used [0x00000000dcd00000,0x00000000dcd00000,0x00000000dd200000)
 ParOldGen       total 267264K, used 184281K [0x0000000087a00000, 0x0000000097f00000, 0x00000000d7e00000)
  object space 267264K, 68% used [0x0000000087a00000,0x0000000092df66a8,0x0000000097f00000)
 Metaspace       used 2483K, capacity 4494K, committed 4864K, reserved 1056768K
  class space    used 266K, capacity 386K, committed 512K, reserved 1048576K

