# JRE version: Java(TM) SE Runtime Environment (8.0_45-b14) (build 1.8.0_45-b14)
# Java VM: Java HotSpot(TM) 64-Bit Server VM (25.45-b02 mixed mode linux-amd64 compressed oops)
Heap:
 PSYoungGen      total 105472K, used 5120K [0x00000000d7e00000, 0x00000000df680000, 0x0000000100000000)
  eden space 100352K, 0% used [0x00000000d7e00000,0x00000000d7e00000,0x00000000de000000)
  from space 5120K, 100% used [0x00000000de000000,0x00000000de500000,0x00000000de500000)
  to   space 5120K, 0% used [0x00000000de500000,0x00000000de500000,0x00000000dea00000)
 ParOldGen       total 280576K, used 280369K [0x0000000087a00000, 0x0000000098c00000, 0x00000000d7e00000)
  object space 280576K, 99% used [0x0000000087a00000,0x0000000098bcc7a8,0x0000000098c00000)
 Metaspace       used 2483K, capacity 4494K, committed 4864K, reserved 1056768K
  class space    used 266K, capacity 386K, committed 512K, reserved 1048576K
GC Heap History (10 events):
Event: 0.713 GC heap after
Heap after GC invocations=2 (full 1):
 PSYoungGen      total 36352K, used 0K [0x00000000d7e00000, 0x00000000dc500000, 0x0000000100000000)
  eden space 31232K, 0% used [0x00000000d7e00000,0x00000000d7e00000,0x00000000d9c80000)
  from space 5120K, 0% used [0x00000000d9c80000,0x00000000d9c80000,0x00000000da180000)
  to   space 5120K, 0% used [0x00000000dc000000,0x00000000dc000000,0x00000000dc500000)
 ParOldGen       total 153600K, used 68049K [0x0000000087a00000, 0x0000000091000000, 0x00000000d7e00000)
  object space 153600K, 44% used [0x0000000087a00000,0x000000008bc747b0,0x0000000091000000)
 Metaspace       used 2483K, capacity 4494K, committed 4864K, reserved 1056768K
  class space    used 266K, capacity 386K, committed 512K, reserved 1048576K
}
Event: 0.749 GC heap before
{Heap before GC invocations=3 (full 1):
 PSYoungGen      total 36352K, used 31232K [0x00000000d7e00000, 0x00000000dc500000, 0x0000000100000000)
  eden space 31232K, 100% used [0x00000000d7e00000,0x00000000d9c80000,0x00000000d9c80000)
  from space 5120K, 0% used [0x00000000d9c80000,0x00000000d9c80000,0x00000000da180000)
  to   space 5120K, 0% used [0x00000000dc000000,0x00000000dc000000,0x00000000dc500000)
 ParOldGen       total 153600K, used 68049K [0x0000000087a00000, 0x0000000091000000, 0x00000000d7e00000)
  object space 153600K, 44% used [0x0000000087a00000,0x000000008bc747b0,0x0000000091000000)
 Metaspace       used 2483K, capacity 4494K, committed 4864K, reserved 1056768K
  class space    used 266K, capacity 386K, committed 512K, reserved 1048576K
Event: 1.875 GC heap after
Heap after GC invocations=3 (full 1):
 PSYoungGen      total 60928K, used 5088K [0x00000000d7e00000, 0x00000000dc500000, 0x0000000100000000)
  eden space 55808K, 0% used [0x00000000d7e00000,0x00000000d7e00000,0x00000000db480000)
  from space 5120K, 99% used [0x00000000dc000000,0x00000000dc4f8010,0x00000000dc500000)
  to   space 5120K, 0% used [0x00000000dbb00000,0x00000000dbb00000,0x00000000dc000000)
 ParOldGen       total 153600K, used 91105K [0x0000000087a00000, 0x0000000091000000, 0x00000000d7e00000)
  object space 153600K, 59% used [0x0000000087a00000,0x000000008d2f87c0,0x0000000091000000)
 Metaspace       used 2483K, capacity 4494K, committed 4864K, reserved 1056768K
  class space    used 266K, capacity 386K, committed 512K, reserved 1048576K
}
Event: 3.102 GC heap before
{Heap before GC invocations=4 (full 1):
 PSYoungGen      total 60928K, used 60896K [0x00000000d7e00000, 0x00000000dc500000, 0x0000000100000000)
  eden space 55808K, 100% used [0x00000000d7e00000,0x00000000db480000,0x00000000db480000)
  from space 5120K, 99% used [0x00000000dc000000,0x00000000dc4f8010,0x00000000dc500000)
  to   space 5120K, 0% used [0x00000000dbb00000,0x00000000dbb00000,0x00000000dc000000)
 ParOldGen       total 153600K, used 91105K [0x0000000087a00000, 0x0000000091000000, 0x00000000d7e00000)
  object space 153600K, 59% used [0x0000000087a00000,0x000000008d2f87c0,0x0000000091000000)
 Metaspace       used 2483K, capacity 4494K, committed 4864K, reserved 1056768K
  class space    used 266K, capacity 386K, committed 512K, reserved 1048576K
Event: 5.050 GC heap after
Heap after GC invocations=4 (full 1):
 PSYoungGen      total 67584K, used 5120K [0x00000000d7e00000, 0x00000000dea00000, 0x0000000100000000)
  eden space 62464K, 0% used [0x00000000d7e00000,0x00000000d7e00000,0x00000000dbb00000)
  from space 5120K, 100% used [0x00000000dbb00000,0x00000000dc000000,0x00000000dc000000)
  to   space 5120K, 0% used [0x00000000de500000,0x00000000de500000,0x00000000dea00000)
 ParOldGen       total 153600K, used 138097K [0x0000000087a00000, 0x0000000091000000, 0x00000000d7e00000)
  object space 153600K, 89% used [0x0000000087a00000,0x00000000900dc7d0,0x0000000091000000)
 Metaspace       used 2483K, capacity 4494K, committed 4864K, reserved 1056768K
  class space    used 266K, capacity 386K, committed 512K, reserved 1048576K
}
Event: 5.050 GC heap before
{Heap before GC invocations=5 (full 2):
 PSYoungGen      total 67584K, used 5120K [0x00000000d7e00000, 0x00000000dea00000, 0x0000000100000000)
  eden space 62464K, 0% used [0x00000000d7e00000,0x00000000d7e00000,0x00000000dbb00000)
  from space 5120K, 100% used [0x00000000dbb00000,0x00000000dc000000,0x00000000dc000000)
  to   space 5120K, 0% used [0x00000000de500000,0x00000000de500000,0x00000000dea00000)
 ParOldGen       total 153600K, used 138097K [0x0000000087a00000, 0x0000000091000000, 0x00000000d7e00000)
  object space 153600K, 89% used [0x0000000087a00000,0x00000000900dc7d0,0x0000000091000000)
 Metaspace       used 2483K, capacity 4494K, committed 4864K, reserved 1056768K
  class space    used 266K, capacity 386K, committed 512K, reserved 1048576K
Event: 5.765 GC heap after
Heap after GC invocations=5 (full 2):
 PSYoungGen      total 67584K, used 0K [0x00000000d7e00000, 0x00000000dea00000, 0x0000000100000000)
  eden space 62464K, 0% used [0x00000000d7e00000,0x00000000d7e00000,0x00000000dbb00000)
  from space 5120K, 0% used [0x00000000dbb00000,0x00000000dbb00000,0x00000000dc000000)
  to   space 5120K, 0% used [0x00000000de500000,0x00000000de500000,0x00000000dea00000)
 ParOldGen       total 261632K, used 140665K [0x0000000087a00000, 0x0000000097980000, 0x00000000d7e00000)
  object space 261632K, 53% used [0x0000000087a00000,0x000000009035e788,0x0000000097980000)
 Metaspace       used 2483K, capacity 4494K, committed 4864K, reserved 1056768K
  class space    used 266K, capacity 386K, committed 512K, reserved 1048576K
}
Event: 5.797 GC heap before
{Heap before GC invocations=6 (full 2):
 PSYoungGen      total 67584K, used 62464K [0x00000000d7e00000, 0x00000000dea00000, 0x0000000100000000)
  eden space 62464K, 100% used [0x00000000d7e00000,0x00000000dbb00000,0x00000000dbb00000)
  from space 5120K, 0% used [0x00000000dbb00000,0x00000000dbb00000,0x00000000dc000000)
  to   space 5120K, 0% used [0x00000000de500000,0x00000000de500000,0x00000000dea00000)
 ParOldGen       total 261632K, used 140665K [0x0000000087a00000, 0x0000000097980000, 0x00000000d7e00000)
  object space 261632K, 53% used [0x0000000087a00000,0x000000009035e788,0x0000000097980000)
 Metaspace       used 2483K, capacity 4494K, committed 4864K, reserved 1056768K
  class space    used 266K, capacity 386K, committed 512K, reserved 1048576K
Event: 10.355 GC heap after
Heap after GC invocations=6 (full 2):
 PSYoungGen      total 105472K, used 5120K [0x00000000d7e00000, 0x00000000df680000, 0x0000000100000000)
  eden space 100352K, 0% used [0x00000000d7e00000,0x00000000d7e00000,0x00000000de000000)
  from space 5120K, 100% used [0x00000000de500000,0x00000000dea00000,0x00000000dea00000)
  to   space 5120K, 0% used [0x00000000de000000,0x00000000de000000,0x00000000de500000)
 ParOldGen       total 261632K, used 190945K [0x0000000087a00000, 0x0000000097980000, 0x00000000d7e00000)
  object space 261632K, 72% used [0x0000000087a00000,0x0000000093478798,0x0000000097980000)
 Metaspace       used 2483K, capacity 4494K, committed 4864K, reserved 1056768K
  class space    used 266K, capacity 386K, committed 512K, reserved 1048576K
}
Event: 10.426 GC heap before
{Heap before GC invocations=7 (full 2):
 PSYoungGen      total 105472K, used 105472K [0x00000000d7e00000, 0x00000000df680000, 0x0000000100000000)
  eden space 100352K, 100% used [0x00000000d7e00000,0x00000000de000000,0x00000000de000000)
  from space 5120K, 100% used [0x00000000de500000,0x00000000dea00000,0x00000000dea00000)
  to   space 5120K, 0% used [0x00000000de000000,0x00000000de000000,0x00000000de500000)
 ParOldGen       total 261632K, used 190945K [0x0000000087a00000, 0x0000000097980000, 0x00000000d7e00000)
  object space 261632K, 72% used [0x0000000087a00000,0x0000000093478798,0x0000000097980000)
 Metaspace       used 2483K, capacity 4494K, committed 4864K, reserved 1056768K
  class space    used 266K, capacity 386K, committed 512K, reserved 1048576K

