# JRE version: Java(TM) SE Runtime Environment (8.0_45-b14) (build 1.8.0_45-b14)
# Java VM: Java HotSpot(TM) 64-Bit Server VM (25.45-b02 mixed mode linux-amd64 compressed oops)
Heap:
 PSYoungGen      total 93696K, used 5120K [0x00000000d7e00000, 0x00000000ddf80000, 0x0000000100000000)
  eden space 88576K, 0% used [0x00000000d7e00000,0x00000000d7e00000,0x00000000dd480000)
  from space 5120K, 100% used [0x00000000dd480000,0x00000000dd980000,0x00000000dd980000)
  to   space 5120K, 0% used [0x00000000dd980000,0x00000000dd980000,0x00000000dde80000)
 ParOldGen       total 282624K, used 282512K [0x0000000087a00000, 0x0000000098e00000, 0x00000000d7e00000)
  object space 282624K, 99% used [0x0000000087a00000,0x0000000098de4128,0x0000000098e00000)
 Metaspace       used 2483K, capacity 4494K, committed 4864K, reserved 1056768K
  class space    used 266K, capacity 386K, committed 512K, reserved 1048576K
GC Heap History (10 events):
Event: 0.234 GC heap after
Heap after GC invocations=2 (full 1):
 PSYoungGen      total 36352K, used 0K [0x00000000d7e00000, 0x00000000dc500000, 0x0000000100000000)
  eden space 31232K, 0% used [0x00000000d7e00000,0x00000000d7e00000,0x00000000d9c80000)
  from space 5120K, 0% used [0x00000000d9c80000,0x00000000d9c80000,0x00000000da180000)
  to   space 5120K, 0% used [0x00000000dc000000,0x00000000dc000000,0x00000000dc500000)
 ParOldGen       total 146432K, used 68049K [0x0000000087a00000, 0x0000000090900000, 0x00000000d7e00000)
  object space 146432K, 46% used [0x0000000087a00000,0x000000008bc74778,0x0000000090900000)
 Metaspace       used 2483K, capacity 4494K, committed 4864K, reserved 1056768K
  class space    used 266K, capacity 386K, committed 512K, reserved 1048576K
}
Event: 0.268 GC heap before
{Heap before GC invocations=3 (full 1):
 PSYoungGen      total 36352K, used 31232K [0x00000000d7e00000, 0x00000000dc500000, 0x0000000100000000)
  eden space 31232K, 100% used [0x00000000d7e00000,0x00000000d9c80000,0x00000000d9c80000)
  from space 5120K, 0% used [0x00000000d9c80000,0x00000000d9c80000,0x00000000da180000)
  to   space 5120K, 0% used [0x00000000dc000000,0x00000000dc000000,0x00000000dc500000)
 ParOldGen       total 146432K, used 68049K [0x0000000087a00000, 0x0000000090900000, 0x00000000d7e00000)
  object space 146432K, 46% used [0x0000000087a00000,0x000000008bc74778,0x0000000090900000)
 Metaspace       used 2483K, capacity 4494K, committed 4864K, reserved 1056768K
  class space    used 266K, capacity 386K, committed 512K, reserved 1048576K
Event: 0.314 GC heap after
Heap after GC invocations=3 (full 1):
 PSYoungGen      total 56320K, used 5088K [0x00000000d7e00000, 0x00000000dc500000, 0x0000000100000000)
  eden space 51200K, 0% used [0x00000000d7e00000,0x00000000d7e00000,0x00000000db000000)
  from space 5120K, 99% used [0x00000000dc000000,0x00000000dc4f8010,0x00000000dc500000)
  to   space 5120K, 0% used [0x00000000dbb00000,0x00000000dbb00000,0x00000000dc000000)
 ParOldGen       total 146432K, used 89065K [0x0000000087a00000, 0x0000000090900000, 0x00000000d7e00000)
  object space 146432K, 60% used [0x0000000087a00000,0x000000008d0fa778,0x0000000090900000)
 Metaspace       used 2483K, capacity 4494K, committed 4864K, reserved 1056768K
  class space    used 266K, capacity 386K, committed 512K, reserved 1048576K
}
Event: 0.345 GC heap before
{Heap before GC invocations=4 (full 1):
 PSYoungGen      total 56320K, used 56288K [0x00000000d7e00000, 0x00000000dc500000, 0x0000000100000000)
  eden space 51200K, 100% used [0x00000000d7e00000,0x00000000db000000,0x00000000db000000)
  from space 5120K, 99% used [0x00000000dc000000,0x00000000dc4f8010,0x00000000dc500000)
  to   space 5120K, 0% used [0x00000000dbb00000,0x00000000dbb00000,0x00000000dc000000)
 ParOldGen       total 146432K, used 89065K [0x0000000087a00000, 0x0000000090900000, 0x00000000d7e00000)
  object space 146432K, 60% used [0x0000000087a00000,0x000000008d0fa778,0x0000000090900000)
 Metaspace       used 2483K, capacity 4494K, committed 4864K, reserved 1056768K
  class space    used 266K, capacity 386K, committed 512K, reserved 1048576K
Event: 0.430 GC heap after
Heap after GC invocations=4 (full 1):
 PSYoungGen      total 67584K, used 5088K [0x00000000d7e00000, 0x00000000dde80000, 0x0000000100000000)
  eden space 62464K, 0% used [0x00000000d7e00000,0x00000000d7e00000,0x00000000dbb00000)
  from space 5120K, 99% used [0x00000000dbb00000,0x00000000dbff8010,0x00000000dc000000)
  to   space 5120K, 0% used [0x00000000dd980000,0x00000000dd980000,0x00000000dde80000)
 ParOldGen       total 146432K, used 132097K [0x0000000087a00000, 0x0000000090900000, 0x00000000d7e00000)
  object space 146432K, 90% used [0x0000000087a00000,0x000000008fb00778,0x0000000090900000)
 Metaspace       used 2483K, capacity 4494K, committed 4864K, reserved 1056768K
  class space    used 266K, capacity 386K, committed 512K, reserved 1048576K
}
Event: 0.430 GC heap before
{Heap before GC invocations=5 (full 2):
 PSYoungGen      total 67584K, used 5088K [0x00000000d7e00000, 0x00000000dde80000, 0x0000000100000000)
  eden space 62464K, 0% used [0x00000000d7e00000,0x00000000d7e00000,0x00000000dbb00000)
  from space 5120K, 99% used [0x00000000dbb00000,0x00000000dbff8010,0x00000000dc000000)
  to   space 5120K, 0% used [0x00000000dd980000,0x00000000dd980000,0x00000000dde80000)
 ParOldGen       total 146432K, used 132097K [0x0000000087a00000, 0x0000000090900000, 0x00000000d7e00000)
  object space 146432K, 90% used [0x0000000087a00000,0x000000008fb00778,0x0000000090900000)
 Metaspace       used 2483K, capacity 4494K, committed 4864K, reserved 1056768K
  class space    used 266K, capacity 386K, committed 512K, reserved 1048576K
Event: 1.706 GC heap after
Heap after GC invocations=5 (full 2):
 PSYoungGen      total 67584K, used 0K [0x00000000d7e00000, 0x00000000dde80000, 0x0000000100000000)
  eden space 62464K, 0% used [0x00000000d7e00000,0x00000000d7e00000,0x00000000dbb00000)
  from space 5120K, 0% used [0x00000000dbb00000,0x00000000dbb00000,0x00000000dc000000)
  to   space 5120K, 0% used [0x00000000dd980000,0x00000000dd980000,0x00000000dde80000)
 ParOldGen       total 262144K, used 136672K [0x0000000087a00000, 0x0000000097a00000, 0x00000000d7e00000)
  object space 262144K, 52% used [0x0000000087a00000,0x000000008ff780f8,0x0000000097a00000)
 Metaspace       used 2483K, capacity 4494K, committed 4864K, reserved 1056768K
  class space    used 266K, capacity 386K, committed 512K, reserved 1048576K
}
Event: 1.738 GC heap before
{Heap before GC invocations=6 (full 2):
 PSYoungGen      total 67584K, used 62464K [0x00000000d7e00000, 0x00000000dde80000, 0x0000000100000000)
  eden space 62464K, 100% used [0x00000000d7e00000,0x00000000dbb00000,0x00000000dbb00000)
  from space 5120K, 0% used [0x00000000dbb00000,0x00000000dbb00000,0x00000000dc000000)
  to   space 5120K, 0% used [0x00000000dd980000,0x00000000dd980000,0x00000000dde80000)
 ParOldGen       total 262144K, used 136672K [0x0000000087a00000, 0x0000000097a00000, 0x00000000d7e00000)
  object space 262144K, 52% used [0x0000000087a00000,0x000000008ff780f8,0x0000000097a00000)
 Metaspace       used 2483K, capacity 4494K, committed 4864K, reserved 1056768K
  class space    used 266K, capacity 386K, committed 512K, reserved 1048576K
Event: 2.359 GC heap after
Heap after GC invocations=6 (full 2):
 PSYoungGen      total 93696K, used 5120K [0x00000000d7e00000, 0x00000000ddf80000, 0x0000000100000000)
  eden space 88576K, 0% used [0x00000000d7e00000,0x00000000d7e00000,0x00000000dd480000)
  from space 5120K, 100% used [0x00000000dd980000,0x00000000dde80000,0x00000000dde80000)
  to   space 5120K, 0% used [0x00000000dd480000,0x00000000dd480000,0x00000000dd980000)
 ParOldGen       total 262144K, used 186952K [0x0000000087a00000, 0x0000000097a00000, 0x00000000d7e00000)
  object space 262144K, 71% used [0x0000000087a00000,0x0000000093092108,0x0000000097a00000)
 Metaspace       used 2483K, capacity 4494K, committed 4864K, reserved 1056768K
  class space    used 266K, capacity 386K, committed 512K, reserved 1048576K
}
Event: 2.419 GC heap before
{Heap before GC invocations=7 (full 2):
 PSYoungGen      total 93696K, used 93696K [0x00000000d7e00000, 0x00000000ddf80000, 0x0000000100000000)
  eden space 88576K, 100% used [0x00000000d7e00000,0x00000000dd480000,0x00000000dd480000)
  from space 5120K, 100% used [0x00000000dd980000,0x00000000dde80000,0x00000000dde80000)
  to   space 5120K, 0% used [0x00000000dd480000,0x00000000dd480000,0x00000000dd980000)
 ParOldGen       total 262144K, used 186952K [0x0000000087a00000, 0x0000000097a00000, 0x00000000d7e00000)
  object space 262144K, 71% used [0x0000000087a00000,0x0000000093092108,0x0000000097a00000)
 Metaspace       used 2483K, capacity 4494K, committed 4864K, reserved 1056768K
  class space    used 266K, capacity 386K, committed 512K, reserved 1048576K

